<!DOCTYPE html PUBLIC "-//W3C//DTD XHTML 1.1//EN" "https://www.w3.org/TR/xhtml11/DTD/xhtml11.dtd">
<html xmlns="https://www.w3.org/1999/xhtml">
<head>
<meta http-equiv="content-type" content="text/html; charset=UTF-8"/>
<title>TestNG Report</title>
<style type="text/css">table {margin-bottom:10px;border-collapse:collapse;empty-cells:show}th,td {border:1px solid #009;padding:.25em .5em}th {vertical-align:bottom}td {vertical-align:top}table a {font-weight:bold}.stripe td {background-color: #E6EBF9}.num {text-align:right}.passedodd td {background-color: #3F3}.passedeven td {background-color: #0A0}.skippedodd td {background-color: #DDD}.skippedeven td {background-color: #CCC}.failedodd td,.attn {background-color: #F33}.failedeven td,.stripe .attn {background-color: #D00}.stacktrace {white-space:pre;font-family:monospace}.totop {font-size:85%;text-align:center;border-bottom:2px solid #000}.invisible {display:none}</style>
</head>
<body>
<table>
<tr><th>Test</th><th># Passed</th><th># Skipped</th><th># Retried</th><th># Failed</th><th>Time (ms)</th><th>Included Groups</th><th>Excluded Groups</th></tr>
<tr><th colspan="8">Suite</th></tr>
<tr><td><a href="#t0">Test</a></td><td class="num">0</td><td class="num">0</td><td class="num">0</td><td class="num attn">15</td><td class="num">577</td><td></td><td></td></tr>
</table>
<table id='summary'><thead><tr><th>Class</th><th>Method</th><th>Start</th><th>Time (ms)</th></tr></thead><tbody><tr><th colspan="4">Suite</th></tr></tbody><tbody id="t0"><tr><th colspan="4">Test &#8212; failed (configuration methods)</th></tr><tr class="failedeven"><td rowspan="1">com.tests.CommonlyusedSecriptTest</td><td><a href="#m0">setup</a></td><td rowspan="1">1720691408419</td><td rowspan="1">30278</td></tr><tr><th colspan="4">Test &#8212; failed</th></tr><tr class="failedeven"><td rowspan="3">com.tests.CommonlyusedSecriptTest</td><td><a href="#m1">testAddCustomer</a></td><td rowspan="1">1720691439291</td><td rowspan="1">5</td></tr><tr class="failedeven"><td><a href="#m2">testNavigateToCommonScripts</a></td><td rowspan="1">1720691439282</td><td rowspan="1">2</td></tr><tr class="failedeven"><td><a href="#m3">testValidLogin</a></td><td rowspan="1">1720691439273</td><td rowspan="1">3</td></tr><tr class="failedodd"><td rowspan="3">com.tests.DashboardPageTest</td><td><a href="#m4">test01</a></td><td rowspan="1">1720691439038</td><td rowspan="1">12</td></tr><tr class="failedodd"><td><a href="#m5">test02</a></td><td rowspan="1">1720691439018</td><td rowspan="1">16</td></tr><tr class="failedodd"><td><a href="#m6">test03</a></td><td rowspan="1">1720691439068</td><td rowspan="1">13</td></tr><tr class="failedeven"><td rowspan="4">com.tests.HomePageTest</td><td><a href="#m7">testClickModule</a></td><td rowspan="1">1720691439209</td><td rowspan="1">20</td></tr><tr class="failedeven"><td><a href="#m8">testLogin</a></td><td rowspan="1">1720691439094</td><td rowspan="1">34</td></tr><tr class="failedeven"><td><a href="#m9">testModuleDetails</a></td><td rowspan="1">1720691439131</td><td rowspan="1">68</td></tr><tr class="failedeven"><td><a href="#m10">testSkipExample</a></td><td rowspan="1">1720691439240</td><td rowspan="1">18</td></tr><tr class="failedodd"><td rowspan="4">com.tests.LoginTest</td><td><a href="#m11">test01</a></td><td rowspan="1">1720691438894</td><td rowspan="1">43</td></tr><tr class="failedodd"><td><a href="#m12">test02</a></td><td rowspan="1">1720691438978</td><td rowspan="1">4</td></tr><tr class="failedodd"><td><a href="#m13">test03</a></td><td rowspan="1">1720691438986</td><td rowspan="1">8</td></tr><tr class="failedodd"><td><a href="#m14">testSelectTheme</a></td><td rowspan="1">1720691439002</td><td rowspan="1">7</td></tr><tr class="failedeven"><td rowspan="1">com.tests.LogoutTest</td><td><a href="#m15">test01</a></td><td rowspan="1">1720691439261</td><td rowspan="1">8</td></tr><tr><th colspan="4">Test &#8212; skipped (configuration methods)</th></tr><tr class="skippedeven"><td rowspan="1">com.tests.DashboardPageTest</td><td><a href="#m16">setup</a></td><td rowspan="1">1720691438708</td><td rowspan="1">0</td></tr><tr class="skippedodd"><td rowspan="4">com.tests.HomePageTest</td><td><a href="#m17">setup</a></td><td rowspan="4">1720691439171</td><td rowspan="4">0</td></tr><tr class="skippedodd"><td><a href="#m18">setup</a></td></tr><tr class="skippedodd"><td><a href="#m19">setup</a></td></tr><tr class="skippedodd"><td><a href="#m20">setup</a></td></tr><tr class="skippedeven"><td rowspan="1">com.tests.LoginTest</td><td><a href="#m21">setup</a></td><td rowspan="1">1720691438712</td><td rowspan="1">0</td></tr><tr class="skippedodd"><td rowspan="1">com.tests.LogoutTest</td><td><a href="#m22">setup</a></td><td rowspan="1">1720691438718</td><td rowspan="1">0</td></tr></tbody>
</table>
<h2>Test</h2><h3 id="m0">com.tests.CommonlyusedSecriptTest#setup</h3><table class="result"><tr><th>Exception</th></tr><tr><td><div class="stacktrace">org.openqa.selenium.WebDriverException: unknown error: net::ERR_NAME_NOT_RESOLVED
  (Session info: chrome=126.0.6478.127)
Build info: version: &apos;3.141.59&apos;, revision: &apos;e82be7d358&apos;, time: &apos;2018-11-14T08:17:03&apos;
System info: host: &apos;DESKTOP-2QNBM3V&apos;, ip: &apos;192.168.55.1&apos;, os.name: &apos;Windows 10&apos;, os.arch: &apos;amd64&apos;, os.version: &apos;10.0&apos;, java.version: &apos;17.0.9&apos;
Driver info: org.openqa.selenium.chrome.ChromeDriver
Capabilities {acceptInsecureCerts: false, browserName: chrome, browserVersion: 126.0.6478.127, chrome: {chromedriverVersion: 125.0.6422.78 (14db42ec38ad..., userDataDir: C:\Users\yogesh\AppData\Loc...}, fedcm:accounts: true, goog:chromeOptions: {debuggerAddress: localhost:49692}, javascriptEnabled: true, networkConnectionEnabled: false, pageLoadStrategy: normal, platform: WINDOWS, platformName: WINDOWS, proxy: Proxy(), setWindowRect: true, strictFileInteractability: false, timeouts: {implicit: 0, pageLoad: 300000, script: 30000}, unhandledPromptBehavior: dismiss and notify, webauthn:extension:credBlob: true, webauthn:extension:largeBlob: true, webauthn:extension:minPinLength: true, webauthn:extension:prf: true, webauthn:virtualAuthenticators: true}
Session ID: 393875d7b1ab6b48a06bd117af95cae6
	at org.openqa.selenium.remote.http.W3CHttpResponseCodec.createException(W3CHttpResponseCodec.java:187)
	at org.openqa.selenium.remote.http.W3CHttpResponseCodec.decode(W3CHttpResponseCodec.java:122)
	at org.openqa.selenium.remote.http.W3CHttpResponseCodec.decode(W3CHttpResponseCodec.java:49)
	at org.openqa.selenium.remote.HttpCommandExecutor.execute(HttpCommandExecutor.java:158)
	at org.openqa.selenium.remote.service.DriverCommandExecutor.execute(DriverCommandExecutor.java:83)
	at org.openqa.selenium.remote.RemoteWebDriver.execute(RemoteWebDriver.java:552)
	at org.openqa.selenium.remote.RemoteWebDriver.get(RemoteWebDriver.java:277)
	at com.base.BaseClass.initialization(BaseClass.java:38)
	at com.tests.CommonlyusedSecriptTest.setup(CommonlyusedSecriptTest.java:24)
... Removed 24 stack frames</div></td></tr></table><p class="totop"><a href="#summary">back to summary</a></p>
<h3 id="m1">com.tests.CommonlyusedSecriptTest#testAddCustomer</h3><table class="result"><tr><th>Exception</th></tr><tr><td><div class="stacktrace">java.lang.NullPointerException: Cannot invoke &quot;com.aventstack.extentreports.ExtentReports.createTest(String)&quot; because &quot;com.listeners.MyListeners.report&quot; is null
	at com.listeners.MyListeners.onTestStart(MyListeners.java:24)
	at java.base/java.util.ArrayList.forEach(ArrayList.java:1511)
... Removed 25 stack frames</div></td></tr></table><p class="totop"><a href="#summary">back to summary</a></p>
<h3 id="m2">com.tests.CommonlyusedSecriptTest#testNavigateToCommonScripts</h3><table class="result"><tr><th>Exception</th></tr><tr><td><div class="stacktrace">java.lang.NullPointerException: Cannot invoke &quot;com.aventstack.extentreports.ExtentReports.createTest(String)&quot; because &quot;com.listeners.MyListeners.report&quot; is null
	at com.listeners.MyListeners.onTestStart(MyListeners.java:24)
	at java.base/java.util.ArrayList.forEach(ArrayList.java:1511)
... Removed 25 stack frames</div></td></tr></table><p class="totop"><a href="#summary">back to summary</a></p>
<h3 id="m3">com.tests.CommonlyusedSecriptTest#testValidLogin</h3><table class="result"><tr><th>Exception</th></tr><tr><td><div class="stacktrace">java.lang.NullPointerException: Cannot invoke &quot;com.aventstack.extentreports.ExtentReports.createTest(String)&quot; because &quot;com.listeners.MyListeners.report&quot; is null
	at com.listeners.MyListeners.onTestStart(MyListeners.java:24)
	at java.base/java.util.ArrayList.forEach(ArrayList.java:1511)
... Removed 25 stack frames</div></td></tr></table><p class="totop"><a href="#summary">back to summary</a></p>
<h3 id="m4">com.tests.DashboardPageTest#test01</h3><table class="result"><tr><th>Exception</th></tr><tr><td><div class="stacktrace">java.lang.NullPointerException: Cannot invoke &quot;com.aventstack.extentreports.ExtentReports.createTest(String)&quot; because &quot;com.listeners.MyListeners.report&quot; is null
	at com.listeners.MyListeners.onTestStart(MyListeners.java:24)
	at java.base/java.util.ArrayList.forEach(ArrayList.java:1511)
... Removed 25 stack frames</div></td></tr></table><p class="totop"><a href="#summary">back to summary</a></p>
<h3 id="m5">com.tests.DashboardPageTest#test02</h3><table class="result"><tr><th>Exception</th></tr><tr><td><div class="stacktrace">java.lang.NullPointerException: Cannot invoke &quot;com.aventstack.extentreports.ExtentReports.createTest(String)&quot; because &quot;com.listeners.MyListeners.report&quot; is null
	at com.listeners.MyListeners.onTestStart(MyListeners.java:24)
	at java.base/java.util.ArrayList.forEach(ArrayList.java:1511)
... Removed 25 stack frames</div></td></tr></table><p class="totop"><a href="#summary">back to summary</a></p>
<h3 id="m6">com.tests.DashboardPageTest#test03</h3><table class="result"><tr><th>Exception</th></tr><tr><td><div class="stacktrace">java.lang.NullPointerException: Cannot invoke &quot;com.aventstack.extentreports.ExtentReports.createTest(String)&quot; because &quot;com.listeners.MyListeners.report&quot; is null
	at com.listeners.MyListeners.onTestStart(MyListeners.java:24)
	at java.base/java.util.ArrayList.forEach(ArrayList.java:1511)
... Removed 25 stack frames</div></td></tr></table><p class="totop"><a href="#summary">back to summary</a></p>
<h3 id="m7">com.tests.HomePageTest#testClickModule</h3><table class="result"><tr><th>Exception</th></tr><tr><td><div class="stacktrace">java.lang.NullPointerException: Cannot invoke &quot;com.aventstack.extentreports.ExtentReports.createTest(String)&quot; because &quot;com.listeners.MyListeners.report&quot; is null
	at com.listeners.MyListeners.onTestStart(MyListeners.java:24)
	at java.base/java.util.ArrayList.forEach(ArrayList.java:1511)
... Removed 25 stack frames</div></td></tr></table><p class="totop"><a href="#summary">back to summary</a></p>
<h3 id="m8">com.tests.HomePageTest#testLogin</h3><table class="result"><tr><th>Exception</th></tr><tr><td><div class="stacktrace">java.lang.NullPointerException: Cannot invoke &quot;com.aventstack.extentreports.ExtentReports.createTest(String)&quot; because &quot;com.listeners.MyListeners.report&quot; is null
	at com.listeners.MyListeners.onTestStart(MyListeners.java:24)
	at java.base/java.util.ArrayList.forEach(ArrayList.java:1511)
... Removed 25 stack frames</div></td></tr></table><p class="totop"><a href="#summary">back to summary</a></p>
<h3 id="m9">com.tests.HomePageTest#testModuleDetails</h3><table class="result"><tr><th>Exception</th></tr><tr><td><div class="stacktrace">java.lang.NullPointerException: Cannot invoke &quot;com.aventstack.extentreports.ExtentReports.createTest(String)&quot; because &quot;com.listeners.MyListeners.report&quot; is null
	at com.listeners.MyListeners.onTestStart(MyListeners.java:24)
	at java.base/java.util.ArrayList.forEach(ArrayList.java:1511)
... Removed 25 stack frames</div></td></tr></table><p class="totop"><a href="#summary">back to summary</a></p>
<h3 id="m10">com.tests.HomePageTest#testSkipExample</h3><table class="result"><tr><th>Exception</th></tr><tr><td><div class="stacktrace">java.lang.NullPointerException: Cannot invoke &quot;com.aventstack.extentreports.ExtentReports.createTest(String)&quot; because &quot;com.listeners.MyListeners.report&quot; is null
	at com.listeners.MyListeners.onTestStart(MyListeners.java:24)
	at java.base/java.util.ArrayList.forEach(ArrayList.java:1511)
... Removed 25 stack frames</div></td></tr></table><p class="totop"><a href="#summary">back to summary</a></p>
<h3 id="m11">com.tests.LoginTest#test01</h3><table class="result"><tr><th>Exception</th></tr><tr><td><div class="stacktrace">java.lang.NullPointerException: Cannot invoke &quot;com.aventstack.extentreports.ExtentReports.createTest(String)&quot; because &quot;com.listeners.MyListeners.report&quot; is null
	at com.listeners.MyListeners.onTestStart(MyListeners.java:24)
	at java.base/java.util.ArrayList.forEach(ArrayList.java:1511)
... Removed 25 stack frames</div></td></tr></table><p class="totop"><a href="#summary">back to summary</a></p>
<h3 id="m12">com.tests.LoginTest#test02</h3><table class="result"><tr><th>Exception</th></tr><tr><td><div class="stacktrace">java.lang.NullPointerException: Cannot invoke &quot;com.aventstack.extentreports.ExtentReports.createTest(String)&quot; because &quot;com.listeners.MyListeners.report&quot; is null
	at com.listeners.MyListeners.onTestStart(MyListeners.java:24)
	at java.base/java.util.ArrayList.forEach(ArrayList.java:1511)
... Removed 25 stack frames</div></td></tr></table><p class="totop"><a href="#summary">back to summary</a></p>
<h3 id="m13">com.tests.LoginTest#test03</h3><table class="result"><tr><th>Exception</th></tr><tr><td><div class="stacktrace">java.lang.NullPointerException: Cannot invoke &quot;com.aventstack.extentreports.ExtentReports.createTest(String)&quot; because &quot;com.listeners.MyListeners.report&quot; is null
	at com.listeners.MyListeners.onTestStart(MyListeners.java:24)
	at java.base/java.util.ArrayList.forEach(ArrayList.java:1511)
... Removed 25 stack frames</div></td></tr></table><p class="totop"><a href="#summary">back to summary</a></p>
<h3 id="m14">com.tests.LoginTest#testSelectTheme</h3><table class="result"><tr><th>Exception</th></tr><tr><td><div class="stacktrace">java.lang.NullPointerException: Cannot invoke &quot;com.aventstack.extentreports.ExtentReports.createTest(String)&quot; because &quot;com.listeners.MyListeners.report&quot; is null
	at com.listeners.MyListeners.onTestStart(MyListeners.java:24)
	at java.base/java.util.ArrayList.forEach(ArrayList.java:1511)
... Removed 25 stack frames</div></td></tr></table><p class="totop"><a href="#summary">back to summary</a></p>
<h3 id="m15">com.tests.LogoutTest#test01</h3><table class="result"><tr><th>Exception</th></tr><tr><td><div class="stacktrace">java.lang.NullPointerException: Cannot invoke &quot;com.aventstack.extentreports.ExtentReports.createTest(String)&quot; because &quot;com.listeners.MyListeners.report&quot; is null
	at com.listeners.MyListeners.onTestStart(MyListeners.java:24)
	at java.base/java.util.ArrayList.forEach(ArrayList.java:1511)
... Removed 25 stack frames</div></td></tr></table><p class="totop"><a href="#summary">back to summary</a></p>
<h3 id="m16">com.tests.DashboardPageTest#setup</h3><table class="result"><tr><th class="invisible"/></tr></table><p class="totop"><a href="#summary">back to summary</a></p>
<h3 id="m17">com.tests.HomePageTest#setup</h3><table class="result"><tr><th class="invisible"/></tr></table><p class="totop"><a href="#summary">back to summary</a></p>
<h3 id="m18">com.tests.HomePageTest#setup</h3><table class="result"><tr><th class="invisible"/></tr></table><p class="totop"><a href="#summary">back to summary</a></p>
<h3 id="m19">com.tests.HomePageTest#setup</h3><table class="result"><tr><th class="invisible"/></tr></table><p class="totop"><a href="#summary">back to summary</a></p>
<h3 id="m20">com.tests.HomePageTest#setup</h3><table class="result"><tr><th class="invisible"/></tr></table><p class="totop"><a href="#summary">back to summary</a></p>
<h3 id="m21">com.tests.LoginTest#setup</h3><table class="result"><tr><th class="invisible"/></tr></table><p class="totop"><a href="#summary">back to summary</a></p>
<h3 id="m22">com.tests.LogoutTest#setup</h3><table class="result"><tr><th class="invisible"/></tr></table><p class="totop"><a href="#summary">back to summary</a></p>
</body>
</html>
